This file contains any messages produced by compilers while
running configure, to aid debugging if configure makes a mistake.

It was created by modsecurity configure 2.9, which was
generated by GNU Autoconf 2.71.  Invocation command line was

  $ ./configure

## --------- ##
## Platform. ##
## --------- ##

hostname = realhugn-MS-7D82
uname -m = x86_64
uname -r = 6.5.0-41-generic
uname -s = Linux
uname -v = #41~22.04.2-Ubuntu SMP PREEMPT_DYNAMIC Mon Jun  3 11:32:55 UTC 2

/usr/bin/uname -p = x86_64
/bin/uname -X     = unknown

/bin/arch              = x86_64
/usr/bin/arch -k       = unknown
/usr/convex/getsysinfo = unknown
/usr/bin/hostinfo      = unknown
/bin/machine           = unknown
/usr/bin/oslevel       = unknown
/bin/universe          = unknown

PATH: /usr/local/sbin/
PATH: /usr/local/bin/
PATH: /usr/sbin/
PATH: /usr/bin/
PATH: /sbin/
PATH: /bin/
PATH: /snap/bin/


## ----------- ##
## Core tests. ##
## ----------- ##

configure:2786: looking for aux files: config.guess config.sub ltmain.sh compile ar-lib missing install-sh
configure:2799:  trying ./build/
configure:2828:   ./build/config.guess found
configure:2828:   ./build/config.sub found
configure:2828:   ./build/ltmain.sh found
configure:2828:   ./build/compile found
configure:2828:   ./build/ar-lib found
configure:2828:   ./build/missing found
configure:2810:   ./build/install-sh found
configure:2965: checking for a BSD-compatible install
configure:3038: result: /usr/bin/install -c
configure:3049: checking whether build environment is sane
configure:3104: result: yes
configure:3263: checking for a race-free mkdir -p
configure:3307: result: /usr/bin/mkdir -p
configure:3314: checking for gawk
configure:3335: found /usr/bin/gawk
configure:3346: result: gawk
configure:3357: checking whether make sets $(MAKE)
configure:3380: result: yes
configure:3410: checking whether make supports nested variables
configure:3428: result: yes
configure:3577: checking whether make supports the include directive
configure:3592: make -f confmf.GNU && cat confinc.out
this is the am__doit target
configure:3595: $? = 0
configure:3614: result: yes (GNU style)
configure:3690: checking for gcc
configure:3711: found /usr/bin/gcc
configure:3722: result: gcc
configure:4075: checking for C compiler version
configure:4084: gcc --version >&5
gcc (Ubuntu 11.4.0-1ubuntu1~22.04) 11.4.0
Copyright (C) 2021 Free Software Foundation, Inc.
This is free software; see the source for copying conditions.  There is NO
warranty; not even for MERCHANTABILITY or FITNESS FOR A PARTICULAR PURPOSE.

configure:4095: $? = 0
configure:4084: gcc -v >&5
Using built-in specs.
COLLECT_GCC=gcc
COLLECT_LTO_WRAPPER=/usr/lib/gcc/x86_64-linux-gnu/11/lto-wrapper
OFFLOAD_TARGET_NAMES=nvptx-none:amdgcn-amdhsa
OFFLOAD_TARGET_DEFAULT=1
Target: x86_64-linux-gnu
Configured with: ../src/configure -v --with-pkgversion='Ubuntu 11.4.0-1ubuntu1~22.04' --with-bugurl=file:///usr/share/doc/gcc-11/README.Bugs --enable-languages=c,ada,c++,go,brig,d,fortran,objc,obj-c++,m2 --prefix=/usr --with-gcc-major-version-only --program-suffix=-11 --program-prefix=x86_64-linux-gnu- --enable-shared --enable-linker-build-id --libexecdir=/usr/lib --without-included-gettext --enable-threads=posix --libdir=/usr/lib --enable-nls --enable-bootstrap --enable-clocale=gnu --enable-libstdcxx-debug --enable-libstdcxx-time=yes --with-default-libstdcxx-abi=new --enable-gnu-unique-object --disable-vtable-verify --enable-plugin --enable-default-pie --with-system-zlib --enable-libphobos-checking=release --with-target-system-zlib=auto --enable-objc-gc=auto --enable-multiarch --disable-werror --enable-cet --with-arch-32=i686 --with-abi=m64 --with-multilib-list=m32,m64,mx32 --enable-multilib --with-tune=generic --enable-offload-targets=nvptx-none=/build/gcc-11-XeT9lY/gcc-11-11.4.0/debian/tmp-nvptx/usr,amdgcn-amdhsa=/build/gcc-11-XeT9lY/gcc-11-11.4.0/debian/tmp-gcn/usr --without-cuda-driver --enable-checking=release --build=x86_64-linux-gnu --host=x86_64-linux-gnu --target=x86_64-linux-gnu --with-build-config=bootstrap-lto-lean --enable-link-serialization=2
Thread model: posix
Supported LTO compression algorithms: zlib zstd
gcc version 11.4.0 (Ubuntu 11.4.0-1ubuntu1~22.04) 
... rest of stderr output deleted ...
configure:4095: $? = 0
configure:4084: gcc -V >&5
gcc: error: unrecognized command-line option '-V'
gcc: fatal error: no input files
compilation terminated.
configure:4095: $? = 1
configure:4084: gcc -qversion >&5
gcc: error: unrecognized command-line option '-qversion'; did you mean '--version'?
gcc: fatal error: no input files
compilation terminated.
configure:4095: $? = 1
configure:4084: gcc -version >&5
gcc: error: unrecognized command-line option '-version'
gcc: fatal error: no input files
compilation terminated.
configure:4095: $? = 1
configure:4115: checking whether the C compiler works
configure:4137: gcc    conftest.c  >&5
configure:4141: $? = 0
configure:4191: result: yes
configure:4194: checking for C compiler default output file name
configure:4196: result: a.out
configure:4202: checking for suffix of executables
configure:4209: gcc -o conftest    conftest.c  >&5
configure:4213: $? = 0
configure:4236: result: 
configure:4258: checking whether we are cross compiling
configure:4266: gcc -o conftest    conftest.c  >&5
configure:4270: $? = 0
configure:4277: ./conftest
configure:4281: $? = 0
configure:4296: result: no
configure:4301: checking for suffix of object files
configure:4324: gcc -c   conftest.c >&5
configure:4328: $? = 0
configure:4350: result: o
configure:4354: checking whether the compiler supports GNU C
configure:4374: gcc -c   conftest.c >&5
configure:4374: $? = 0
configure:4384: result: yes
configure:4395: checking whether gcc accepts -g
configure:4416: gcc -c -g  conftest.c >&5
configure:4416: $? = 0
configure:4460: result: yes
configure:4480: checking for gcc option to enable C11 features
configure:4495: gcc  -c -g -O2  conftest.c >&5
configure:4495: $? = 0
configure:4513: result: none needed
configure:4629: checking whether gcc understands -c and -o together
configure:4652: gcc -c conftest.c -o conftest2.o
configure:4655: $? = 0
configure:4652: gcc -c conftest.c -o conftest2.o
configure:4655: $? = 0
configure:4667: result: yes
configure:4686: checking dependency style of gcc
configure:4798: result: gcc3
configure:4869: checking for ar
configure:4890: found /usr/bin/ar
configure:4901: result: ar
configure:4927: checking the archiver (ar) interface
configure:4944: gcc -c -g -O2  conftest.c >&5
configure:4944: $? = 0
configure:4947: ar cru libconftest.a conftest.o >&5
ar: `u' modifier ignored since `D' is the default (see `U')
configure:4950: $? = 0
configure:4978: result: ar
configure:5032: checking build system type
configure:5047: result: x86_64-pc-linux-gnu
configure:5067: checking host system type
configure:5081: result: x86_64-pc-linux-gnu
configure:5122: checking how to print strings
configure:5149: result: printf
configure:5170: checking for a sed that does not truncate output
configure:5240: result: /usr/bin/sed
configure:5258: checking for grep that handles long lines and -e
configure:5322: result: /usr/bin/grep
configure:5327: checking for egrep
configure:5395: result: /usr/bin/grep -E
configure:5400: checking for fgrep
configure:5468: result: /usr/bin/grep -F
configure:5504: checking for ld used by gcc
configure:5572: result: /usr/bin/ld
configure:5579: checking if the linker (/usr/bin/ld) is GNU ld
configure:5595: result: yes
configure:5607: checking for BSD- or MS-compatible name lister (nm)
configure:5662: result: /usr/bin/nm -B
configure:5802: checking the name lister (/usr/bin/nm -B) interface
configure:5810: gcc -c -g -O2  conftest.c >&5
configure:5813: /usr/bin/nm -B "conftest.o"
configure:5816: output
0000000000000000 B some_variable
configure:5823: result: BSD nm
configure:5826: checking whether ln -s works
configure:5830: result: yes
configure:5838: checking the maximum length of command line arguments
configure:5970: result: 1572864
configure:6018: checking how to convert x86_64-pc-linux-gnu file names to x86_64-pc-linux-gnu format
configure:6059: result: func_convert_file_noop
configure:6066: checking how to convert x86_64-pc-linux-gnu file names to toolchain format
configure:6087: result: func_convert_file_noop
configure:6094: checking for /usr/bin/ld option to reload object files
configure:6102: result: -r
configure:6181: checking for objdump
configure:6202: found /usr/bin/objdump
configure:6213: result: objdump
configure:6245: checking how to recognize dependent libraries
configure:6446: result: pass_all
configure:6536: checking for dlltool
configure:6571: result: no
configure:6601: checking how to associate runtime and link libraries
configure:6629: result: printf %s\n
configure:6763: checking for archiver @FILE support
configure:6781: gcc -c -g -O2  conftest.c >&5
configure:6781: $? = 0
configure:6785: ar cr libconftest.a @conftest.lst >&5
configure:6788: $? = 0
configure:6793: ar cr libconftest.a @conftest.lst >&5
ar: conftest.o: No such file or directory
configure:6796: $? = 1
configure:6808: result: @
configure:6871: checking for strip
configure:6892: found /usr/bin/strip
configure:6903: result: strip
configure:6980: checking for ranlib
configure:7001: found /usr/bin/ranlib
configure:7012: result: ranlib
configure:7114: checking command to parse /usr/bin/nm -B output from gcc object
configure:7268: gcc -c -g -O2  conftest.c >&5
configure:7271: $? = 0
configure:7275: /usr/bin/nm -B conftest.o | sed -n -e 's/^.*[	 ]\([ABCDGIRSTW][ABCDGIRSTW]*\)[	 ][	 ]*\([_A-Za-z][_A-Za-z0-9]*\)$/\1 \2 \2/p' | sed '/ __gnu_lto/d' > conftest.nm
configure:7341: gcc -o conftest -g -O2   conftest.c conftstm.o >&5
configure:7344: $? = 0
configure:7382: result: ok
configure:7429: checking for sysroot
configure:7460: result: no
configure:7467: checking for a working dd
configure:7511: result: /usr/bin/dd
configure:7515: checking how to truncate binary pipes
configure:7531: result: /usr/bin/dd bs=4096 count=1
configure:7668: gcc -c -g -O2  conftest.c >&5
configure:7671: $? = 0
configure:7868: checking for mt
configure:7889: found /usr/bin/mt
configure:7900: result: mt
configure:7923: checking if mt is a manifest tool
configure:7930: mt '-?'
configure:7938: result: no
configure:8668: checking for stdio.h
configure:8668: gcc -c -g -O2  conftest.c >&5
configure:8668: $? = 0
configure:8668: result: yes
configure:8668: checking for stdlib.h
configure:8668: gcc -c -g -O2  conftest.c >&5
configure:8668: $? = 0
configure:8668: result: yes
configure:8668: checking for string.h
configure:8668: gcc -c -g -O2  conftest.c >&5
configure:8668: $? = 0
configure:8668: result: yes
configure:8668: checking for inttypes.h
configure:8668: gcc -c -g -O2  conftest.c >&5
configure:8668: $? = 0
configure:8668: result: yes
configure:8668: checking for stdint.h
configure:8668: gcc -c -g -O2  conftest.c >&5
configure:8668: $? = 0
configure:8668: result: yes
configure:8668: checking for strings.h
configure:8668: gcc -c -g -O2  conftest.c >&5
configure:8668: $? = 0
configure:8668: result: yes
configure:8668: checking for sys/stat.h
configure:8668: gcc -c -g -O2  conftest.c >&5
configure:8668: $? = 0
configure:8668: result: yes
configure:8668: checking for sys/types.h
configure:8668: gcc -c -g -O2  conftest.c >&5
configure:8668: $? = 0
configure:8668: result: yes
configure:8668: checking for unistd.h
configure:8668: gcc -c -g -O2  conftest.c >&5
configure:8668: $? = 0
configure:8668: result: yes
configure:8693: checking for dlfcn.h
configure:8693: gcc -c -g -O2  conftest.c >&5
configure:8693: $? = 0
configure:8693: result: yes
configure:8951: checking for objdir
configure:8967: result: .libs
configure:9231: checking if gcc supports -fno-rtti -fno-exceptions
configure:9250: gcc -c -g -O2  -fno-rtti -fno-exceptions conftest.c >&5
cc1: warning: command-line option '-fno-rtti' is valid for C++/D/ObjC++ but not for C
configure:9254: $? = 0
configure:9267: result: no
configure:9631: checking for gcc option to produce PIC
configure:9639: result: -fPIC -DPIC
configure:9647: checking if gcc PIC flag -fPIC -DPIC works
configure:9666: gcc -c -g -O2  -fPIC -DPIC -DPIC conftest.c >&5
configure:9670: $? = 0
configure:9683: result: yes
configure:9712: checking if gcc static flag -static works
configure:9741: result: yes
configure:9756: checking if gcc supports -c -o file.o
configure:9778: gcc -c -g -O2  -o out/conftest2.o conftest.c >&5
configure:9782: $? = 0
configure:9804: result: yes
configure:9812: checking if gcc supports -c -o file.o
configure:9860: result: yes
configure:9893: checking whether the gcc linker (/usr/bin/ld -m elf_x86_64) supports shared libraries
configure:11163: result: yes
configure:11200: checking whether -lc should be explicitly linked in
configure:11209: gcc -c -g -O2  conftest.c >&5
configure:11212: $? = 0
configure:11227: gcc -shared  -fPIC -DPIC conftest.o  -v -Wl,-soname -Wl,conftest -o conftest 2\>\&1 \| /usr/bin/grep  -lc  \>/dev/null 2\>\&1
configure:11230: $? = 0
configure:11244: result: no
configure:11404: checking dynamic linker characteristics
configure:11986: gcc -o conftest -g -O2   -Wl,-rpath -Wl,/foo conftest.c  >&5
configure:11986: $? = 0
configure:12237: result: GNU/Linux ld.so
configure:12359: checking how to hardcode library paths into programs
configure:12384: result: immediate
configure:12486: checking for shl_load
configure:12486: gcc -o conftest -g -O2   conftest.c  >&5
/usr/bin/ld: /tmp/ccs0eHhA.o: in function `main':
/home/realhugn/PlayGround/ModSec-DAN-deployment/modsecurity/conftest.c:50: undefined reference to `shl_load'
collect2: error: ld returned 1 exit status
configure:12486: $? = 1
configure: failed program was:
| /* confdefs.h */
| #define PACKAGE_NAME "modsecurity"
| #define PACKAGE_TARNAME "modsecurity"
| #define PACKAGE_VERSION "2.9"
| #define PACKAGE_STRING "modsecurity 2.9"
| #define PACKAGE_BUGREPORT "support@modsecurity.org"
| #define PACKAGE_URL ""
| #define PACKAGE "modsecurity"
| #define VERSION "2.9"
| #define HAVE_STDIO_H 1
| #define HAVE_STDLIB_H 1
| #define HAVE_STRING_H 1
| #define HAVE_INTTYPES_H 1
| #define HAVE_STDINT_H 1
| #define HAVE_STRINGS_H 1
| #define HAVE_SYS_STAT_H 1
| #define HAVE_SYS_TYPES_H 1
| #define HAVE_UNISTD_H 1
| #define STDC_HEADERS 1
| #define HAVE_DLFCN_H 1
| #define LT_OBJDIR ".libs/"
| /* end confdefs.h.  */
| /* Define shl_load to an innocuous variant, in case <limits.h> declares shl_load.
|    For example, HP-UX 11i <limits.h> declares gettimeofday.  */
| #define shl_load innocuous_shl_load
| 
| /* System header to define __stub macros and hopefully few prototypes,
|    which can conflict with char shl_load (); below.  */
| 
| #include <limits.h>
| #undef shl_load
| 
| /* Override any GCC internal prototype to avoid an error.
|    Use char because int might match the return type of a GCC
|    builtin and then its argument prototype would still apply.  */
| #ifdef __cplusplus
| extern "C"
| #endif
| char shl_load ();
| /* The GNU C library defines this for functions which it implements
|     to always fail with ENOSYS.  Some functions are actually named
|     something starting with __ and the normal name is an alias.  */
| #if defined __stub_shl_load || defined __stub___shl_load
| choke me
| #endif
| 
| int
| main (void)
| {
| return shl_load ();
|   ;
|   return 0;
| }
configure:12486: result: no
configure:12491: checking for shl_load in -ldld
configure:12514: gcc -o conftest -g -O2   conftest.c -ldld   >&5
/usr/bin/ld: cannot find -ldld: No such file or directory
collect2: error: ld returned 1 exit status
configure:12514: $? = 1
configure: failed program was:
| /* confdefs.h */
| #define PACKAGE_NAME "modsecurity"
| #define PACKAGE_TARNAME "modsecurity"
| #define PACKAGE_VERSION "2.9"
| #define PACKAGE_STRING "modsecurity 2.9"
| #define PACKAGE_BUGREPORT "support@modsecurity.org"
| #define PACKAGE_URL ""
| #define PACKAGE "modsecurity"
| #define VERSION "2.9"
| #define HAVE_STDIO_H 1
| #define HAVE_STDLIB_H 1
| #define HAVE_STRING_H 1
| #define HAVE_INTTYPES_H 1
| #define HAVE_STDINT_H 1
| #define HAVE_STRINGS_H 1
| #define HAVE_SYS_STAT_H 1
| #define HAVE_SYS_TYPES_H 1
| #define HAVE_UNISTD_H 1
| #define STDC_HEADERS 1
| #define HAVE_DLFCN_H 1
| #define LT_OBJDIR ".libs/"
| /* end confdefs.h.  */
| 
| /* Override any GCC internal prototype to avoid an error.
|    Use char because int might match the return type of a GCC
|    builtin and then its argument prototype would still apply.  */
| char shl_load ();
| int
| main (void)
| {
| return shl_load ();
|   ;
|   return 0;
| }
configure:12524: result: no
configure:12530: checking for dlopen
configure:12530: gcc -o conftest -g -O2   conftest.c  >&5
configure:12530: $? = 0
configure:12530: result: yes
configure:12688: checking whether a program can dlopen itself
configure:12769: gcc -o conftest -g -O2  -DHAVE_DLFCN_H  -Wl,--export-dynamic conftest.c   >&5
configure:12772: $? = 0
configure:12790: result: yes
configure:12795: checking whether a statically linked program can dlopen itself
configure:12876: gcc -o conftest -g -O2  -DHAVE_DLFCN_H  -Wl,--export-dynamic -static conftest.c   >&5
/usr/bin/ld: /tmp/ccEWJzhM.o: in function `main':
/home/realhugn/PlayGround/ModSec-DAN-deployment/modsecurity/configure:12855: warning: Using 'dlopen' in statically linked applications requires at runtime the shared libraries from the glibc version used for linking
configure:12879: $? = 0
conftest: undefined symbol: _fnord
configure:12897: result: no
configure:12936: checking whether stripping libraries is possible
configure:12941: result: yes
configure:12976: checking if libtool supports shared libraries
configure:12978: result: yes
configure:12981: checking whether to build shared libraries
configure:13006: result: yes
configure:13009: checking whether to build static libraries
configure:13013: result: yes
configure:13056: checking for gawk
configure:13088: result: gawk
configure:13152: checking for gcc
configure:13184: result: gcc
configure:13537: checking for C compiler version
configure:13546: gcc --version >&5
gcc (Ubuntu 11.4.0-1ubuntu1~22.04) 11.4.0
Copyright (C) 2021 Free Software Foundation, Inc.
This is free software; see the source for copying conditions.  There is NO
warranty; not even for MERCHANTABILITY or FITNESS FOR A PARTICULAR PURPOSE.

configure:13557: $? = 0
configure:13546: gcc -v >&5
Using built-in specs.
COLLECT_GCC=gcc
COLLECT_LTO_WRAPPER=/usr/lib/gcc/x86_64-linux-gnu/11/lto-wrapper
OFFLOAD_TARGET_NAMES=nvptx-none:amdgcn-amdhsa
OFFLOAD_TARGET_DEFAULT=1
Target: x86_64-linux-gnu
Configured with: ../src/configure -v --with-pkgversion='Ubuntu 11.4.0-1ubuntu1~22.04' --with-bugurl=file:///usr/share/doc/gcc-11/README.Bugs --enable-languages=c,ada,c++,go,brig,d,fortran,objc,obj-c++,m2 --prefix=/usr --with-gcc-major-version-only --program-suffix=-11 --program-prefix=x86_64-linux-gnu- --enable-shared --enable-linker-build-id --libexecdir=/usr/lib --without-included-gettext --enable-threads=posix --libdir=/usr/lib --enable-nls --enable-bootstrap --enable-clocale=gnu --enable-libstdcxx-debug --enable-libstdcxx-time=yes --with-default-libstdcxx-abi=new --enable-gnu-unique-object --disable-vtable-verify --enable-plugin --enable-default-pie --with-system-zlib --enable-libphobos-checking=release --with-target-system-zlib=auto --enable-objc-gc=auto --enable-multiarch --disable-werror --enable-cet --with-arch-32=i686 --with-abi=m64 --with-multilib-list=m32,m64,mx32 --enable-multilib --with-tune=generic --enable-offload-targets=nvptx-none=/build/gcc-11-XeT9lY/gcc-11-11.4.0/debian/tmp-nvptx/usr,amdgcn-amdhsa=/build/gcc-11-XeT9lY/gcc-11-11.4.0/debian/tmp-gcn/usr --without-cuda-driver --enable-checking=release --build=x86_64-linux-gnu --host=x86_64-linux-gnu --target=x86_64-linux-gnu --with-build-config=bootstrap-lto-lean --enable-link-serialization=2
Thread model: posix
Supported LTO compression algorithms: zlib zstd
gcc version 11.4.0 (Ubuntu 11.4.0-1ubuntu1~22.04) 
... rest of stderr output deleted ...
configure:13557: $? = 0
configure:13546: gcc -V >&5
gcc: error: unrecognized command-line option '-V'
gcc: fatal error: no input files
compilation terminated.
configure:13557: $? = 1
configure:13546: gcc -qversion >&5
gcc: error: unrecognized command-line option '-qversion'; did you mean '--version'?
gcc: fatal error: no input files
compilation terminated.
configure:13557: $? = 1
configure:13546: gcc -version >&5
gcc: error: unrecognized command-line option '-version'
gcc: fatal error: no input files
compilation terminated.
configure:13557: $? = 1
configure:13561: checking whether the compiler supports GNU C
configure:13591: result: yes
configure:13602: checking whether gcc accepts -g
configure:13667: result: yes
configure:13687: checking for gcc option to enable C11 features
configure:13720: result: none needed
configure:13836: checking whether gcc understands -c and -o together
configure:13874: result: yes
configure:13893: checking dependency style of gcc
configure:14005: result: gcc3
configure:14025: checking how to run the C preprocessor
configure:14051: gcc -E  conftest.c
configure:14051: $? = 0
configure:14066: gcc -E  conftest.c
conftest.c:23:10: fatal error: ac_nonexistent.h: No such file or directory
   23 | #include <ac_nonexistent.h>
      |          ^~~~~~~~~~~~~~~~~~
compilation terminated.
configure:14066: $? = 1
configure: failed program was:
| /* confdefs.h */
| #define PACKAGE_NAME "modsecurity"
| #define PACKAGE_TARNAME "modsecurity"
| #define PACKAGE_VERSION "2.9"
| #define PACKAGE_STRING "modsecurity 2.9"
| #define PACKAGE_BUGREPORT "support@modsecurity.org"
| #define PACKAGE_URL ""
| #define PACKAGE "modsecurity"
| #define VERSION "2.9"
| #define HAVE_STDIO_H 1
| #define HAVE_STDLIB_H 1
| #define HAVE_STRING_H 1
| #define HAVE_INTTYPES_H 1
| #define HAVE_STDINT_H 1
| #define HAVE_STRINGS_H 1
| #define HAVE_SYS_STAT_H 1
| #define HAVE_SYS_TYPES_H 1
| #define HAVE_UNISTD_H 1
| #define STDC_HEADERS 1
| #define HAVE_DLFCN_H 1
| #define LT_OBJDIR ".libs/"
| /* end confdefs.h.  */
| #include <ac_nonexistent.h>
configure:14093: result: gcc -E
configure:14107: gcc -E  conftest.c
configure:14107: $? = 0
configure:14122: gcc -E  conftest.c
conftest.c:23:10: fatal error: ac_nonexistent.h: No such file or directory
   23 | #include <ac_nonexistent.h>
      |          ^~~~~~~~~~~~~~~~~~
compilation terminated.
configure:14122: $? = 1
configure: failed program was:
| /* confdefs.h */
| #define PACKAGE_NAME "modsecurity"
| #define PACKAGE_TARNAME "modsecurity"
| #define PACKAGE_VERSION "2.9"
| #define PACKAGE_STRING "modsecurity 2.9"
| #define PACKAGE_BUGREPORT "support@modsecurity.org"
| #define PACKAGE_URL ""
| #define PACKAGE "modsecurity"
| #define VERSION "2.9"
| #define HAVE_STDIO_H 1
| #define HAVE_STDLIB_H 1
| #define HAVE_STRING_H 1
| #define HAVE_INTTYPES_H 1
| #define HAVE_STDINT_H 1
| #define HAVE_STRINGS_H 1
| #define HAVE_SYS_STAT_H 1
| #define HAVE_SYS_TYPES_H 1
| #define HAVE_UNISTD_H 1
| #define STDC_HEADERS 1
| #define HAVE_DLFCN_H 1
| #define LT_OBJDIR ".libs/"
| /* end confdefs.h.  */
| #include <ac_nonexistent.h>
configure:14153: checking whether ln -s works
configure:14157: result: yes
configure:14164: checking whether make sets $(MAKE)
configure:14187: result: yes
configure:14196: checking for grep that handles long lines and -e
configure:14260: result: /usr/bin/grep
configure:14269: checking for perl
configure:14292: found /usr/bin/perl
configure:14304: result: /usr/bin/perl
configure:14319: checking for env
configure:14342: found /usr/bin/env
configure:14354: result: /usr/bin/env
configure:14370: checking for egrep
configure:14438: result: /usr/bin/grep -E
configure:14444: checking for fcntl.h
configure:14444: gcc -c -g -O2  conftest.c >&5
configure:14444: $? = 0
configure:14444: result: yes
configure:14450: checking for limits.h
configure:14450: gcc -c -g -O2  conftest.c >&5
configure:14450: $? = 0
configure:14450: result: yes
configure:14456: checking for stdlib.h
configure:14456: result: yes
configure:14462: checking for string.h
configure:14462: result: yes
configure:14468: checking for unistd.h
configure:14468: result: yes
configure:14474: checking for sys/types.h
configure:14474: result: yes
configure:14480: checking for sys/stat.h
configure:14480: result: yes
configure:14486: checking for sys/utsname.h
configure:14486: gcc -c -g -O2  conftest.c >&5
configure:14486: $? = 0
configure:14486: result: yes
configure:14495: checking for an ANSI C-conforming const
configure:14562: gcc -c -g -O2  conftest.c >&5
configure:14562: $? = 0
configure:14570: result: yes
configure:14578: checking for inline
configure:14595: gcc -c -g -O2  conftest.c >&5
configure:14595: $? = 0
configure:14604: result: inline
configure:14622: checking for C/C++ restrict keyword
configure:14652: gcc -c -g -O2  conftest.c >&5
configure:14652: $? = 0
configure:14661: result: __restrict__
configure:14673: checking for pid_t
configure:14673: gcc -c -g -O2  conftest.c >&5
configure:14673: $? = 0
configure:14673: gcc -c -g -O2  conftest.c >&5
conftest.c: In function 'main':
conftest.c:64:20: error: expected expression before ')' token
   64 | if (sizeof ((pid_t)))
      |                    ^
configure:14673: $? = 1
configure: failed program was:
| /* confdefs.h */
| #define PACKAGE_NAME "modsecurity"
| #define PACKAGE_TARNAME "modsecurity"
| #define PACKAGE_VERSION "2.9"
| #define PACKAGE_STRING "modsecurity 2.9"
| #define PACKAGE_BUGREPORT "support@modsecurity.org"
| #define PACKAGE_URL ""
| #define PACKAGE "modsecurity"
| #define VERSION "2.9"
| #define HAVE_STDIO_H 1
| #define HAVE_STDLIB_H 1
| #define HAVE_STRING_H 1
| #define HAVE_INTTYPES_H 1
| #define HAVE_STDINT_H 1
| #define HAVE_STRINGS_H 1
| #define HAVE_SYS_STAT_H 1
| #define HAVE_SYS_TYPES_H 1
| #define HAVE_UNISTD_H 1
| #define STDC_HEADERS 1
| #define HAVE_DLFCN_H 1
| #define LT_OBJDIR ".libs/"
| #define HAVE_FCNTL_H 1
| #define HAVE_LIMITS_H 1
| #define HAVE_STDLIB_H 1
| #define HAVE_STRING_H 1
| #define HAVE_UNISTD_H 1
| #define HAVE_SYS_TYPES_H 1
| #define HAVE_SYS_STAT_H 1
| #define HAVE_SYS_UTSNAME_H 1
| #define restrict __restrict__
| /* end confdefs.h.  */
| #include <stddef.h>
| #ifdef HAVE_STDIO_H
| # include <stdio.h>
| #endif
| #ifdef HAVE_STDLIB_H
| # include <stdlib.h>
| #endif
| #ifdef HAVE_STRING_H
| # include <string.h>
| #endif
| #ifdef HAVE_INTTYPES_H
| # include <inttypes.h>
| #endif
| #ifdef HAVE_STDINT_H
| # include <stdint.h>
| #endif
| #ifdef HAVE_STRINGS_H
| # include <strings.h>
| #endif
| #ifdef HAVE_SYS_TYPES_H
| # include <sys/types.h>
| #endif
| #ifdef HAVE_SYS_STAT_H
| # include <sys/stat.h>
| #endif
| #ifdef HAVE_UNISTD_H
| # include <unistd.h>
| #endif
| 
| int
| main (void)
| {
| if (sizeof ((pid_t)))
| 	    return 0;
|   ;
|   return 0;
| }
configure:14673: result: yes
configure:14709: checking for size_t
configure:14709: gcc -c -g -O2  conftest.c >&5
configure:14709: $? = 0
configure:14709: gcc -c -g -O2  conftest.c >&5
conftest.c: In function 'main':
conftest.c:63:21: error: expected expression before ')' token
   63 | if (sizeof ((size_t)))
      |                     ^
configure:14709: $? = 1
configure: failed program was:
| /* confdefs.h */
| #define PACKAGE_NAME "modsecurity"
| #define PACKAGE_TARNAME "modsecurity"
| #define PACKAGE_VERSION "2.9"
| #define PACKAGE_STRING "modsecurity 2.9"
| #define PACKAGE_BUGREPORT "support@modsecurity.org"
| #define PACKAGE_URL ""
| #define PACKAGE "modsecurity"
| #define VERSION "2.9"
| #define HAVE_STDIO_H 1
| #define HAVE_STDLIB_H 1
| #define HAVE_STRING_H 1
| #define HAVE_INTTYPES_H 1
| #define HAVE_STDINT_H 1
| #define HAVE_STRINGS_H 1
| #define HAVE_SYS_STAT_H 1
| #define HAVE_SYS_TYPES_H 1
| #define HAVE_UNISTD_H 1
| #define STDC_HEADERS 1
| #define HAVE_DLFCN_H 1
| #define LT_OBJDIR ".libs/"
| #define HAVE_FCNTL_H 1
| #define HAVE_LIMITS_H 1
| #define HAVE_STDLIB_H 1
| #define HAVE_STRING_H 1
| #define HAVE_UNISTD_H 1
| #define HAVE_SYS_TYPES_H 1
| #define HAVE_SYS_STAT_H 1
| #define HAVE_SYS_UTSNAME_H 1
| #define restrict __restrict__
| /* end confdefs.h.  */
| #include <stddef.h>
| #ifdef HAVE_STDIO_H
| # include <stdio.h>
| #endif
| #ifdef HAVE_STDLIB_H
| # include <stdlib.h>
| #endif
| #ifdef HAVE_STRING_H
| # include <string.h>
| #endif
| #ifdef HAVE_INTTYPES_H
| # include <inttypes.h>
| #endif
| #ifdef HAVE_STDINT_H
| # include <stdint.h>
| #endif
| #ifdef HAVE_STRINGS_H
| # include <strings.h>
| #endif
| #ifdef HAVE_SYS_TYPES_H
| # include <sys/types.h>
| #endif
| #ifdef HAVE_SYS_STAT_H
| # include <sys/stat.h>
| #endif
| #ifdef HAVE_UNISTD_H
| # include <unistd.h>
| #endif
| int
| main (void)
| {
| if (sizeof ((size_t)))
| 	    return 0;
|   ;
|   return 0;
| }
configure:14709: result: yes
configure:14719: checking whether struct tm is in sys/time.h or time.h
configure:14740: gcc -c -g -O2  conftest.c >&5
configure:14740: $? = 0
configure:14748: result: time.h
configure:14756: checking for uint8_t
configure:14756: gcc -c -g -O2  conftest.c >&5
configure:14756: $? = 0
configure:14756: result: yes
configure:14770: checking for GNU libc compatible malloc
configure:14802: gcc -o conftest -g -O2   conftest.c  >&5
configure:14802: $? = 0
configure:14802: ./conftest
configure:14802: $? = 0
configure:14813: result: yes
configure:14835: checking for working memcmp
configure:14880: gcc -o conftest -g -O2   conftest.c  >&5
configure:14880: $? = 0
configure:14880: ./conftest
configure:14880: $? = 0
configure:14891: result: yes
configure:14900: checking for atexit
configure:14900: gcc -o conftest -g -O2   conftest.c  >&5
configure:14900: $? = 0
configure:14900: result: yes
configure:14906: checking for getcwd
configure:14906: gcc -o conftest -g -O2   conftest.c  >&5
configure:14906: $? = 0
configure:14906: result: yes
configure:14912: checking for memmove
configure:14912: gcc -o conftest -g -O2   conftest.c  >&5
conftest.c:51:6: warning: conflicting types for built-in function 'memmove'; expected 'void *(void *, const void *, long unsigned int)' [-Wbuiltin-declaration-mismatch]
   51 | char memmove ();
      |      ^~~~~~~
conftest.c:43:1: note: 'memmove' is declared in header '<string.h>'
   42 | #include <limits.h>
   43 | #undef memmove
configure:14912: $? = 0
configure:14912: result: yes
configure:14918: checking for memset
configure:14918: gcc -o conftest -g -O2   conftest.c  >&5
conftest.c:52:6: warning: conflicting types for built-in function 'memset'; expected 'void *(void *, int,  long unsigned int)' [-Wbuiltin-declaration-mismatch]
   52 | char memset ();
      |      ^~~~~~
conftest.c:44:1: note: 'memset' is declared in header '<string.h>'
   43 | #include <limits.h>
   44 | #undef memset
configure:14918: $? = 0
configure:14918: result: yes
configure:14924: checking for strcasecmp
configure:14924: gcc -o conftest -g -O2   conftest.c  >&5
conftest.c:53:6: warning: conflicting types for built-in function 'strcasecmp'; expected 'int(const char *, const char *)' [-Wbuiltin-declaration-mismatch]
   53 | char strcasecmp ();
      |      ^~~~~~~~~~
configure:14924: $? = 0
configure:14924: result: yes
configure:14930: checking for strchr
configure:14930: gcc -o conftest -g -O2   conftest.c  >&5
conftest.c:54:6: warning: conflicting types for built-in function 'strchr'; expected 'char *(const char *, int)' [-Wbuiltin-declaration-mismatch]
   54 | char strchr ();
      |      ^~~~~~
conftest.c:46:1: note: 'strchr' is declared in header '<string.h>'
   45 | #include <limits.h>
   46 | #undef strchr
configure:14930: $? = 0
configure:14930: result: yes
configure:14936: checking for strdup
configure:14936: gcc -o conftest -g -O2   conftest.c  >&5
conftest.c:55:6: warning: conflicting types for built-in function 'strdup'; expected 'char *(const char *)' [-Wbuiltin-declaration-mismatch]
   55 | char strdup ();
      |      ^~~~~~
configure:14936: $? = 0
configure:14936: result: yes
configure:14942: checking for strerror
configure:14942: gcc -o conftest -g -O2   conftest.c  >&5
configure:14942: $? = 0
configure:14942: result: yes
configure:14948: checking for strncasecmp
configure:14948: gcc -o conftest -g -O2   conftest.c  >&5
conftest.c:57:6: warning: conflicting types for built-in function 'strncasecmp'; expected 'int(const char *, const char *, long unsigned int)' [-Wbuiltin-declaration-mismatch]
   57 | char strncasecmp ();
      |      ^~~~~~~~~~~
configure:14948: $? = 0
configure:14948: result: yes
configure:14954: checking for strrchr
configure:14954: gcc -o conftest -g -O2   conftest.c  >&5
conftest.c:58:6: warning: conflicting types for built-in function 'strrchr'; expected 'char *(const char *, int)' [-Wbuiltin-declaration-mismatch]
   58 | char strrchr ();
      |      ^~~~~~~
conftest.c:50:1: note: 'strrchr' is declared in header '<string.h>'
   49 | #include <limits.h>
   50 | #undef strrchr
configure:14954: $? = 0
configure:14954: result: yes
configure:14960: checking for strstr
configure:14960: gcc -o conftest -g -O2   conftest.c  >&5
conftest.c:59:6: warning: conflicting types for built-in function 'strstr'; expected 'char *(const char *, const char *)' [-Wbuiltin-declaration-mismatch]
   59 | char strstr ();
      |      ^~~~~~
conftest.c:51:1: note: 'strstr' is declared in header '<string.h>'
   50 | #include <limits.h>
   51 | #undef strstr
configure:14960: $? = 0
configure:14960: result: yes
configure:14966: checking for strtol
configure:14966: gcc -o conftest -g -O2   conftest.c  >&5
configure:14966: $? = 0
configure:14966: result: yes
configure:14972: checking for fchmod
configure:14972: gcc -o conftest -g -O2   conftest.c  >&5
configure:14972: $? = 0
configure:14972: result: yes
configure:14978: checking for strcasestr
configure:14978: gcc -o conftest -g -O2   conftest.c  >&5
configure:14978: $? = 0
configure:14978: result: yes
configure:15288: checking for libcurl config script
configure:15366: result: no
configure:15379: *** curl library not found.
configure:15381: NOTE: curl library is only required for building mlogc
configure:15391: NOTE: mlgoc compilation was disabled.
configure:16009: looking for Apache module support via DSO through APXS
configure:16051: found apxs at /usr/bin/apxs2
configure:16053: checking httpd version
configure:16067: httpd is recent enough
configure:16210: checking for libpcre config script
configure:16261: result: no
configure:16274: *** pcre library not found.
configure:16276: error: pcre library is required

## ---------------- ##
## Cache variables. ##
## ---------------- ##

ac_cv_build=x86_64-pc-linux-gnu
ac_cv_c_compiler_gnu=yes
ac_cv_c_const=yes
ac_cv_c_inline=inline
ac_cv_c_restrict=__restrict__
ac_cv_c_uint8_t=yes
ac_cv_env_CC_set=
ac_cv_env_CC_value=
ac_cv_env_CFLAGS_set=
ac_cv_env_CFLAGS_value=
ac_cv_env_CPPFLAGS_set=
ac_cv_env_CPPFLAGS_value=
ac_cv_env_CPP_set=
ac_cv_env_CPP_value=
ac_cv_env_LDFLAGS_set=
ac_cv_env_LDFLAGS_value=
ac_cv_env_LIBS_set=
ac_cv_env_LIBS_value=
ac_cv_env_LT_SYS_LIBRARY_PATH_set=
ac_cv_env_LT_SYS_LIBRARY_PATH_value=
ac_cv_env_PKG_CONFIG_LIBDIR_set=
ac_cv_env_PKG_CONFIG_LIBDIR_value=
ac_cv_env_PKG_CONFIG_PATH_set=
ac_cv_env_PKG_CONFIG_PATH_value=
ac_cv_env_PKG_CONFIG_set=
ac_cv_env_PKG_CONFIG_value=
ac_cv_env_build_alias_set=
ac_cv_env_build_alias_value=
ac_cv_env_host_alias_set=
ac_cv_env_host_alias_value=
ac_cv_env_target_alias_set=
ac_cv_env_target_alias_value=
ac_cv_func_atexit=yes
ac_cv_func_dlopen=yes
ac_cv_func_fchmod=yes
ac_cv_func_getcwd=yes
ac_cv_func_malloc_0_nonnull=yes
ac_cv_func_memcmp_working=yes
ac_cv_func_memmove=yes
ac_cv_func_memset=yes
ac_cv_func_shl_load=no
ac_cv_func_strcasecmp=yes
ac_cv_func_strcasestr=yes
ac_cv_func_strchr=yes
ac_cv_func_strdup=yes
ac_cv_func_strerror=yes
ac_cv_func_strncasecmp=yes
ac_cv_func_strrchr=yes
ac_cv_func_strstr=yes
ac_cv_func_strtol=yes
ac_cv_header_dlfcn_h=yes
ac_cv_header_fcntl_h=yes
ac_cv_header_inttypes_h=yes
ac_cv_header_limits_h=yes
ac_cv_header_stdint_h=yes
ac_cv_header_stdio_h=yes
ac_cv_header_stdlib_h=yes
ac_cv_header_string_h=yes
ac_cv_header_strings_h=yes
ac_cv_header_sys_stat_h=yes
ac_cv_header_sys_types_h=yes
ac_cv_header_sys_utsname_h=yes
ac_cv_header_unistd_h=yes
ac_cv_host=x86_64-pc-linux-gnu
ac_cv_lib_dld_shl_load=no
ac_cv_objext=o
ac_cv_path_EGREP='/usr/bin/grep -E'
ac_cv_path_ENV_CMD=/usr/bin/env
ac_cv_path_FGREP='/usr/bin/grep -F'
ac_cv_path_GREP=/usr/bin/grep
ac_cv_path_PERL=/usr/bin/perl
ac_cv_path_SED=/usr/bin/sed
ac_cv_path_install='/usr/bin/install -c'
ac_cv_path_lt_DD=/usr/bin/dd
ac_cv_path_mkdir=/usr/bin/mkdir
ac_cv_prog_AWK=gawk
ac_cv_prog_CPP='gcc -E'
ac_cv_prog_ac_ct_AR=ar
ac_cv_prog_ac_ct_CC=gcc
ac_cv_prog_ac_ct_MANIFEST_TOOL=mt
ac_cv_prog_ac_ct_OBJDUMP=objdump
ac_cv_prog_ac_ct_RANLIB=ranlib
ac_cv_prog_ac_ct_STRIP=strip
ac_cv_prog_cc_c11=
ac_cv_prog_cc_g=yes
ac_cv_prog_cc_stdc=
ac_cv_prog_make_make_set=yes
ac_cv_struct_tm=time.h
ac_cv_type_pid_t=yes
ac_cv_type_size_t=yes
am_cv_CC_dependencies_compiler_type=gcc3
am_cv_ar_interface=ar
am_cv_make_support_nested_variables=yes
am_cv_prog_cc_c_o=yes
lt_cv_ar_at_file=@
lt_cv_archive_cmds_need_lc=no
lt_cv_deplibs_check_method=pass_all
lt_cv_dlopen=dlopen
lt_cv_dlopen_libs=
lt_cv_dlopen_self=yes
lt_cv_dlopen_self_static=no
lt_cv_file_magic_cmd='$MAGIC_CMD'
lt_cv_file_magic_test_file=
lt_cv_ld_reload_flag=-r
lt_cv_nm_interface='BSD nm'
lt_cv_objdir=.libs
lt_cv_path_LD=/usr/bin/ld
lt_cv_path_NM='/usr/bin/nm -B'
lt_cv_path_mainfest_tool=no
lt_cv_prog_compiler_c_o=yes
lt_cv_prog_compiler_pic='-fPIC -DPIC'
lt_cv_prog_compiler_pic_works=yes
lt_cv_prog_compiler_rtti_exceptions=no
lt_cv_prog_compiler_static_works=yes
lt_cv_prog_gnu_ld=yes
lt_cv_sharedlib_from_linklib_cmd='printf %s\n'
lt_cv_shlibpath_overrides_runpath=yes
lt_cv_sys_global_symbol_pipe='sed -n -e '\''s/^.*[	 ]\([ABCDGIRSTW][ABCDGIRSTW]*\)[	 ][	 ]*\([_A-Za-z][_A-Za-z0-9]*\)$/\1 \2 \2/p'\'' | sed '\''/ __gnu_lto/d'\'''
lt_cv_sys_global_symbol_to_c_name_address='sed -n -e '\''s/^: \(.*\) .*$/  {"\1", (void *) 0},/p'\'' -e '\''s/^[ABCDGIRSTW][ABCDGIRSTW]* .* \(.*\)$/  {"\1", (void *) \&\1},/p'\'''
lt_cv_sys_global_symbol_to_c_name_address_lib_prefix='sed -n -e '\''s/^: \(.*\) .*$/  {"\1", (void *) 0},/p'\'' -e '\''s/^[ABCDGIRSTW][ABCDGIRSTW]* .* \(lib.*\)$/  {"\1", (void *) \&\1},/p'\'' -e '\''s/^[ABCDGIRSTW][ABCDGIRSTW]* .* \(.*\)$/  {"lib\1", (void *) \&\1},/p'\'''
lt_cv_sys_global_symbol_to_cdecl='sed -n -e '\''s/^T .* \(.*\)$/extern int \1();/p'\'' -e '\''s/^[ABCDGIRSTW][ABCDGIRSTW]* .* \(.*\)$/extern char \1;/p'\'''
lt_cv_sys_global_symbol_to_import=
lt_cv_sys_max_cmd_len=1572864
lt_cv_to_host_file_cmd=func_convert_file_noop
lt_cv_to_tool_file_cmd=func_convert_file_noop
lt_cv_truncate_bin='/usr/bin/dd bs=4096 count=1'

## ----------------- ##
## Output variables. ##
## ----------------- ##

ACLOCAL='${SHELL} '\''/home/realhugn/PlayGround/ModSec-DAN-deployment/modsecurity/build/missing'\'' aclocal-1.16'
AIX_FALSE=''
AIX_TRUE='#'
AMDEPBACKSLASH='\'
AMDEP_FALSE='#'
AMDEP_TRUE=''
AMTAR='$${TAR-tar}'
AM_BACKSLASH='\'
AM_DEFAULT_V='$(AM_DEFAULT_VERBOSITY)'
AM_DEFAULT_VERBOSITY='1'
AM_V='$(V)'
APR_CFLAGS=''
APR_CONFIG=''
APR_CPPFLAGS=''
APR_INCLUDEDIR=''
APR_LDADD=''
APR_LDFLAGS=''
APR_LINKLD=''
APR_VERSION=''
APU_CFLAGS=''
APU_CONFIG=''
APU_INCLUDEDIR=''
APU_LDADD=''
APU_LDFLAGS=''
APU_LINKLD=''
APU_VERSION=''
APXS='/usr/bin/apxs2'
APXS_BINDIR='/usr/bin'
APXS_CC='x86_64-linux-gnu-gcc'
APXS_CFLAGS='-I/usr/include/apache2'
APXS_EXTRA_CFLAGS=' -Wc,-O2 -Wc,-g -Wc,-Wall'
APXS_HTTPD='/usr/sbin/apache2'
APXS_INCLUDEDIR='/usr/include/apache2'
APXS_INCLUDES='-I/usr/include/apache2  -I/usr/include/apache2 -I. -I/usr/include/apr-1.0 -I/usr/include'
APXS_LDFLAGS=''
APXS_LIBDIR='/usr/lib'
APXS_LIBEXECDIR='/usr/lib/apache2/modules'
APXS_LIBS='-L/usr/lib  '
APXS_LIBTOOL='/usr/share/apr-1.0/build/libtool --no-silent'
APXS_MODULES='/usr/lib/apache2/modules'
APXS_PROGNAME='apache2'
APXS_SBINDIR='/usr/sbin'
APXS_WRAPPER='build/apxs-wrapper'
AR='ar'
AUTOCONF='${SHELL} '\''/home/realhugn/PlayGround/ModSec-DAN-deployment/modsecurity/build/missing'\'' autoconf'
AUTOHEADER='${SHELL} '\''/home/realhugn/PlayGround/ModSec-DAN-deployment/modsecurity/build/missing'\'' autoheader'
AUTOMAKE='${SHELL} '\''/home/realhugn/PlayGround/ModSec-DAN-deployment/modsecurity/build/missing'\'' automake-1.16'
AWK='gawk'
BUILD_ALP2_FALSE=''
BUILD_ALP2_TRUE='#'
BUILD_APACHE2_MODULE_FALSE='#'
BUILD_APACHE2_MODULE_TRUE=''
BUILD_DOCS_FALSE=''
BUILD_DOCS_TRUE='#'
BUILD_MLOGC_FALSE=''
BUILD_MLOGC_TRUE='#'
BUILD_STANDALONE_MODULE_FALSE=''
BUILD_STANDALONE_MODULE_TRUE='#'
BUILD_extentions_FALSE=''
BUILD_extentions_TRUE='#'
CC='gcc'
CCDEPMODE='depmode=gcc3'
CFLAGS='-g -O2'
CPP='gcc -E'
CPPFLAGS=''
CSCOPE='cscope'
CTAGS='ctags'
CURL_CFLAGS=''
CURL_CONFIG='curl-config'
CURL_CPPFLAGS=''
CURL_LDADD=''
CURL_LDFLAGS=''
CURL_USES_GNUTLS=''
CURL_VERSION=''
CYGPATH_W='echo'
DEFS=''
DEPDIR='.deps'
DLLTOOL='false'
DOXYGEN=''
DSYMUTIL=''
DUMPBIN=''
ECHO_C=''
ECHO_N='-n'
ECHO_T=''
EGREP='/usr/bin/grep -E'
ENV_CMD='/usr/bin/env'
ETAGS='etags'
EXEEXT=''
EXTRA_CFLAGS='-O2 -g -Wall '
FGREP='/usr/bin/grep -F'
FREEBSD_FALSE=''
FREEBSD_TRUE='#'
GREP='/usr/bin/grep'
HPUX_FALSE=''
HPUX_TRUE='#'
INSTALL_DATA='${INSTALL} -m 644'
INSTALL_PROGRAM='${INSTALL}'
INSTALL_SCRIPT='${INSTALL}'
INSTALL_STRIP_PROGRAM='$(install_sh) -c -s'
LD='/usr/bin/ld -m elf_x86_64'
LDFLAGS=''
LIBOBJS=''
LIBS=''
LIBTOOL='$(SHELL) $(top_builddir)/libtool'
LIBXML2_CFLAGS=''
LIBXML2_CONFIG=''
LIBXML2_CPPFLAGS=''
LIBXML2_LDADD=''
LIBXML2_LDFLAGS=''
LIBXML2_VERSION=''
LINUX390_FALSE=''
LINUX390_TRUE='#'
LINUX_FALSE='#'
LINUX_TRUE=''
LIPO=''
LN_S='ln -s'
LTLIBOBJS=''
LT_SYS_LIBRARY_PATH=''
LUA_CFLAGS=''
LUA_LDADD=''
LUA_LDFLAGS=''
MACOSX_FALSE=''
MACOSX_TRUE='#'
MAKEINFO='${SHELL} '\''/home/realhugn/PlayGround/ModSec-DAN-deployment/modsecurity/build/missing'\'' makeinfo'
MANIFEST_TOOL=':'
MKDIR_P='/usr/bin/mkdir -p'
MODSEC_APXS_EXTRA_CFLAGS=' -Wc,-DWITH_PCRE_STUDY -Wc,-DMODSEC_PCRE_MATCH_LIMIT=1500 -Wc,-DMODSEC_PCRE_MATCH_LIMIT_RECURSION=1500 -Wc,-DREQUEST_EARLY'
MODSEC_EXTRA_CFLAGS='-DWITH_PCRE_STUDY -DMODSEC_PCRE_MATCH_LIMIT=1500 -DMODSEC_PCRE_MATCH_LIMIT_RECURSION=1500  -DREQUEST_EARLY                   '
MSC_BASE_DIR='/home/realhugn/PlayGround/ModSec-DAN-deployment/modsecurity'
MSC_PKGBASE_DIR='/home/realhugn/PlayGround/ModSec-DAN-deployment/modsecurity/..'
MSC_REGRESSION_CONF_DIR='/home/realhugn/PlayGround/ModSec-DAN-deployment/modsecurity/tests/regression/server_root/conf'
MSC_REGRESSION_DIR='/home/realhugn/PlayGround/ModSec-DAN-deployment/modsecurity/tests/regression'
MSC_REGRESSION_DOCROOT_DIR='/home/realhugn/PlayGround/ModSec-DAN-deployment/modsecurity/tests/regression/server_root/htdocs'
MSC_REGRESSION_LOGS_DIR='/home/realhugn/PlayGround/ModSec-DAN-deployment/modsecurity/tests/regression/server_root/logs'
MSC_REGRESSION_SERVERROOT_DIR='/home/realhugn/PlayGround/ModSec-DAN-deployment/modsecurity/tests/regression/server_root'
MSC_TEST_DIR='/home/realhugn/PlayGround/ModSec-DAN-deployment/modsecurity/tests'
NETBSD_FALSE=''
NETBSD_TRUE='#'
NM='/usr/bin/nm -B'
NMEDIT=''
OBJDUMP='objdump'
OBJEXT='o'
OPENBSD_FALSE=''
OPENBSD_TRUE='#'
OTOOL64=''
OTOOL=''
PACKAGE='modsecurity'
PACKAGE_BUGREPORT='support@modsecurity.org'
PACKAGE_NAME='modsecurity'
PACKAGE_STRING='modsecurity 2.9'
PACKAGE_TARNAME='modsecurity'
PACKAGE_URL=''
PACKAGE_VERSION='2.9'
PATH_SEPARATOR=':'
PCRE_CFLAGS=''
PCRE_CONFIG='pcre-config'
PCRE_CPPFLAGS=''
PCRE_LDADD=''
PCRE_LDFLAGS=''
PCRE_LD_PATH=''
PCRE_VERSION=''
PERL='/usr/bin/perl'
PKG_CONFIG=''
PKG_CONFIG_LIBDIR=''
PKG_CONFIG_PATH=''
RANLIB='ranlib'
SED='/usr/bin/sed'
SET_MAKE=''
SHELL='/bin/bash'
SOLARIS_FALSE=''
SOLARIS_TRUE='#'
SSDEEP_CFLAGS=''
SSDEEP_LDADD=''
SSDEEP_LDFLAGS=''
STRIP='strip'
TOPLEVEL_SUBDIRS='tools apache2'
VERSION='2.9'
YAJL_CFLAGS=''
YAJL_LDADD=''
YAJL_LDFLAGS=''
YAJL_LIBS=''
ac_ct_AR='ar'
ac_ct_CC='gcc'
ac_ct_DUMPBIN=''
am__EXEEXT_FALSE=''
am__EXEEXT_TRUE=''
am__fastdepCC_FALSE='#'
am__fastdepCC_TRUE=''
am__include='include'
am__isrc=''
am__leading_dot='.'
am__nodep='_no'
am__quote=''
am__tar='$${TAR-tar} chof - "$$tardir"'
am__untar='$${TAR-tar} xf -'
bindir='${exec_prefix}/bin'
build='x86_64-pc-linux-gnu'
build_alias=''
build_cpu='x86_64'
build_os='linux-gnu'
build_vendor='pc'
datadir='${datarootdir}'
datarootdir='${prefix}/share'
docdir='${datarootdir}/doc/${PACKAGE_TARNAME}'
dvidir='${docdir}'
exec_prefix='NONE'
host='x86_64-pc-linux-gnu'
host_alias=''
host_cpu='x86_64'
host_os='linux-gnu'
host_vendor='pc'
htmldir='${docdir}'
includedir='${prefix}/include'
infodir='${datarootdir}/info'
install_sh='${SHELL} /home/realhugn/PlayGround/ModSec-DAN-deployment/modsecurity/build/install-sh'
libdir='${exec_prefix}/lib'
libexecdir='${exec_prefix}/libexec'
localedir='${datarootdir}/locale'
localstatedir='${prefix}/var'
mandir='${datarootdir}/man'
mkdir_p='$(MKDIR_P)'
oldincludedir='/usr/include'
pdfdir='${docdir}'
prefix='NONE'
program_transform_name='s,x,x,'
psdir='${docdir}'
runstatedir='${localstatedir}/run'
sbindir='${exec_prefix}/sbin'
sharedstatedir='${prefix}/com'
sysconfdir='${prefix}/etc'
target_alias=''

## ----------- ##
## confdefs.h. ##
## ----------- ##

/* confdefs.h */
#define PACKAGE_NAME "modsecurity"
#define PACKAGE_TARNAME "modsecurity"
#define PACKAGE_VERSION "2.9"
#define PACKAGE_STRING "modsecurity 2.9"
#define PACKAGE_BUGREPORT "support@modsecurity.org"
#define PACKAGE_URL ""
#define PACKAGE "modsecurity"
#define VERSION "2.9"
#define HAVE_STDIO_H 1
#define HAVE_STDLIB_H 1
#define HAVE_STRING_H 1
#define HAVE_INTTYPES_H 1
#define HAVE_STDINT_H 1
#define HAVE_STRINGS_H 1
#define HAVE_SYS_STAT_H 1
#define HAVE_SYS_TYPES_H 1
#define HAVE_UNISTD_H 1
#define STDC_HEADERS 1
#define HAVE_DLFCN_H 1
#define LT_OBJDIR ".libs/"
#define HAVE_FCNTL_H 1
#define HAVE_LIMITS_H 1
#define HAVE_STDLIB_H 1
#define HAVE_STRING_H 1
#define HAVE_UNISTD_H 1
#define HAVE_SYS_TYPES_H 1
#define HAVE_SYS_STAT_H 1
#define HAVE_SYS_UTSNAME_H 1
#define restrict __restrict__
#define HAVE_MALLOC 1
#define HAVE_ATEXIT 1
#define HAVE_GETCWD 1
#define HAVE_MEMMOVE 1
#define HAVE_MEMSET 1
#define HAVE_STRCASECMP 1
#define HAVE_STRCHR 1
#define HAVE_STRDUP 1
#define HAVE_STRERROR 1
#define HAVE_STRNCASECMP 1
#define HAVE_STRRCHR 1
#define HAVE_STRSTR 1
#define HAVE_STRTOL 1
#define HAVE_FCHMOD 1
#define HAVE_STRCASESTR 1

configure: exit 1
